f:\conference\branches\dev_v5.0\obj\debug\conference\conference_ud.pch
f:\conference\branches\dev_v5.0\obj\debug\conference\vc140.pdb
f:\conference\branches\dev_v5.0\obj\debug\conference\vc140.idb
f:\conference\branches\dev_v5.0\obj\debug\conference\stdafx.obj
f:\conference\branches\dev_v5.0\obj\debug\conference\main.obj
f:\conference\branches\dev_v5.0\obj\debug\conference\mainframe.obj
f:\conference\branches\dev_v5.0\obj\debug\conference\menutray.obj
f:\conference\branches\dev_v5.0\obj\debug\conference\msgapplyforbid.obj
f:\conference\branches\dev_v5.0\obj\debug\conference\msgcommon.obj
f:\conference\branches\dev_v5.0\obj\debug\conference\msgmoderatorexit.obj
f:\conference\branches\dev_v5.0\obj\debug\conference\msgroomexit.obj
f:\conference\branches\dev_v5.0\obj\debug\conference\wndcontrol.obj
f:\conference\branches\dev_v5.0\obj\debug\conference\wndfastreply.obj
f:\conference\branches\dev_v5.0\obj\debug\conference\wndinputpin.obj
f:\conference\branches\dev_v5.0\obj\debug\conference\wndlecturemode.obj
f:\conference\branches\dev_v5.0\obj\debug\conference\wndprocessing.obj
f:\conference\branches\dev_v5.0\obj\debug\conference\wndrighttopbar.obj
f:\conference\branches\dev_v5.0\obj\debug\conference\wndsetmic.obj
f:\conference\branches\dev_v5.0\obj\debug\conference\wndsetphoto.obj
f:\conference\branches\dev_v5.0\obj\debug\conference\wndsetphotopath.obj
f:\conference\branches\dev_v5.0\obj\debug\conference\wndsetspeaker.obj
f:\conference\branches\dev_v5.0\obj\debug\conference\wndsetvideo.obj
f:\conference\branches\dev_v5.0\obj\debug\conference\wndtoolbar.obj
f:\conference\branches\dev_v5.0\obj\debug\conference\wsgsoap.obj
f:\conference\branches\dev_v5.0\obj\debug\conference\mixerinfo.obj
f:\conference\branches\dev_v5.0\obj\debug\conference\videocapture.obj
f:\conference\branches\dev_v5.0\obj\debug\conference\wave.obj
f:\conference\branches\dev_v5.0\obj\debug\conference\util.obj
f:\conference\branches\dev_v5.0\obj\debug\conference\dlgavsetting.obj
f:\conference\branches\dev_v5.0\obj\debug\conference\dlgconference.obj
f:\conference\branches\dev_v5.0\obj\debug\conference\dlgcontacts.obj
f:\conference\branches\dev_v5.0\obj\debug\conference\dlgguest.obj
f:\conference\branches\dev_v5.0\obj\debug\conference\dlglogin.obj
f:\conference\branches\dev_v5.0\obj\debug\conference\dlgloginguest.obj
f:\conference\branches\dev_v5.0\obj\debug\conference\dlgmoderator.obj
f:\conference\branches\dev_v5.0\obj\debug\conference\dlgprivatechat.obj
f:\conference\branches\dev_v5.0\obj\debug\conference\dlgroomsetting.obj
f:\conference\branches\dev_v5.0\obj\debug\conference\dlgsetphotopath.obj
f:\conference\branches\dev_v5.0\obj\debug\conference\dlgsetting.obj
f:\conference\branches\dev_v5.0\obj\debug\conference\dlgsharing.obj
f:\conference\branches\dev_v5.0\obj\debug\conference\soapc.obj
f:\conference\branches\dev_v5.0\obj\debug\conference\soapclient.obj
f:\conference\branches\dev_v5.0\obj\debug\conference\stdsoap2.obj
f:\conference\branches\dev_v5.0\obj\debug\conference\conference.tlog\cl.command.1.tlog
f:\conference\branches\dev_v5.0\obj\debug\conference\conference.tlog\cl.read.1.tlog
f:\conference\branches\dev_v5.0\obj\debug\conference\conference.tlog\cl.write.1.tlog
f:\conference\branches\dev_v5.0\obj\debug\conference\conference.tlog\rc.command.1.tlog
f:\conference\branches\dev_v5.0\obj\debug\conference\conference.tlog\rc.read.1.tlog
f:\conference\branches\dev_v5.0\obj\debug\conference\conference.tlog\rc.write.1.tlog
